<?xml version="1.0" encoding="UTF-8"?>
<coverage generated="1493922782440" clover="3.2.0">
  <project timestamp="1493922782441" name="All files">
    <metrics statements="43" coveredstatements="36" conditionals="5" coveredconditionals="5" methods="21" coveredmethods="8" elements="69" coveredelements="49" complexity="0" loc="43" ncloc="43" packages="6" files="11" classes="11">
      <package name="actions">
        <metrics statements="9" coveredstatements="7" conditionals="0" coveredconditionals="0" methods="5" coveredmethods="1"/>
        <file name="constans.js" path="/Users/hepiskafranatagola/hacktiv8/fase3/week2/react-native-challenge/myreactnative/src/actions/constans.js">
          <metrics statements="5" coveredstatements="5" conditionals="0" coveredconditionals="0" methods="0" coveredmethods="0"/>
          <line num="1" count="4" type="stmt"/>
          <line num="2" count="4" type="stmt"/>
          <line num="3" count="4" type="stmt"/>
          <line num="4" count="4" type="stmt"/>
          <line num="5" count="4" type="stmt"/>
        </file>
        <file name="index.js" path="/Users/hepiskafranatagola/hacktiv8/fase3/week2/react-native-challenge/myreactnative/src/actions/index.js">
          <metrics statements="0" coveredstatements="0" conditionals="0" coveredconditionals="0" methods="0" coveredmethods="0"/>
        </file>
        <file name="weatherAction.js" path="/Users/hepiskafranatagola/hacktiv8/fase3/week2/react-native-challenge/myreactnative/src/actions/weatherAction.js">
          <metrics statements="4" coveredstatements="2" conditionals="0" coveredconditionals="0" methods="5" coveredmethods="1"/>
          <line num="4" count="4" type="stmt"/>
          <line num="6" count="4" type="stmt"/>
          <line num="7" count="0" type="stmt"/>
          <line num="8" count="0" type="stmt"/>
        </file>
      </package>
      <package name="components">
        <metrics statements="6" coveredstatements="5" conditionals="0" coveredconditionals="0" methods="6" coveredmethods="2"/>
        <file name="home.js" path="/Users/hepiskafranatagola/hacktiv8/fase3/week2/react-native-challenge/myreactnative/src/components/home.js">
          <metrics statements="6" coveredstatements="5" conditionals="0" coveredconditionals="0" methods="6" coveredmethods="2"/>
          <line num="16" count="0" type="stmt"/>
          <line num="19" count="1" type="stmt"/>
          <line num="20" count="1" type="stmt"/>
          <line num="29" count="1" type="stmt"/>
          <line num="37" count="1" type="stmt"/>
          <line num="38" count="1" type="stmt"/>
        </file>
      </package>
      <package name="components.homeComponent">
        <metrics statements="17" coveredstatements="13" conditionals="2" coveredconditionals="2" methods="9" coveredmethods="4"/>
        <file name="homeInfo.js" path="/Users/hepiskafranatagola/hacktiv8/fase3/week2/react-native-challenge/myreactnative/src/components/homeComponent/homeInfo.js">
          <metrics statements="7" coveredstatements="7" conditionals="2" coveredconditionals="2" methods="2" coveredmethods="1"/>
          <line num="10" count="2" type="stmt"/>
          <line num="28" count="2" type="stmt"/>
          <line num="29" count="2" type="stmt"/>
          <line num="30" count="2" type="cond" truecount="2" falsecount="0"/>
          <line num="31" count="1" type="stmt"/>
          <line num="33" count="1" type="stmt"/>
          <line num="57" count="2" type="stmt"/>
        </file>
        <file name="index.js" path="/Users/hepiskafranatagola/hacktiv8/fase3/week2/react-native-challenge/myreactnative/src/components/homeComponent/index.js">
          <metrics statements="0" coveredstatements="0" conditionals="0" coveredconditionals="0" methods="0" coveredmethods="0"/>
        </file>
        <file name="searchBox.js" path="/Users/hepiskafranatagola/hacktiv8/fase3/week2/react-native-challenge/myreactnative/src/components/homeComponent/searchBox.js">
          <metrics statements="10" coveredstatements="6" conditionals="0" coveredconditionals="0" methods="7" coveredmethods="3"/>
          <line num="9" count="2" type="stmt"/>
          <line num="18" count="1" type="stmt"/>
          <line num="19" count="1" type="stmt"/>
          <line num="22" count="0" type="stmt"/>
          <line num="23" count="0" type="stmt"/>
          <line num="26" count="2" type="stmt"/>
          <line num="32" count="1" type="stmt"/>
          <line num="41" count="0" type="stmt"/>
          <line num="46" count="2" type="stmt"/>
          <line num="47" count="0" type="stmt"/>
        </file>
      </package>
      <package name="reducers">
        <metrics statements="8" coveredstatements="8" conditionals="3" coveredconditionals="3" methods="1" coveredmethods="1"/>
        <file name="index.js" path="/Users/hepiskafranatagola/hacktiv8/fase3/week2/react-native-challenge/myreactnative/src/reducers/index.js">
          <metrics statements="1" coveredstatements="1" conditionals="0" coveredconditionals="0" methods="0" coveredmethods="0"/>
          <line num="5" count="1" type="stmt"/>
        </file>
        <file name="weatherReducer.js" path="/Users/hepiskafranatagola/hacktiv8/fase3/week2/react-native-challenge/myreactnative/src/reducers/weatherReducer.js">
          <metrics statements="7" coveredstatements="7" conditionals="3" coveredconditionals="3" methods="1" coveredmethods="1"/>
          <line num="3" count="2" type="stmt"/>
          <line num="5" count="2" type="cond" truecount="1" falsecount="0"/>
          <line num="6" count="4" type="cond" truecount="2" falsecount="0"/>
          <line num="8" count="1" type="stmt"/>
          <line num="9" count="1" type="stmt"/>
          <line num="10" count="1" type="stmt"/>
          <line num="12" count="3" type="stmt"/>
        </file>
      </package>
      <package name="store">
        <metrics statements="2" coveredstatements="2" conditionals="0" coveredconditionals="0" methods="0" coveredmethods="0"/>
        <file name="index.js" path="/Users/hepiskafranatagola/hacktiv8/fase3/week2/react-native-challenge/myreactnative/src/store/index.js">
          <metrics statements="2" coveredstatements="2" conditionals="0" coveredconditionals="0" methods="0" coveredmethods="0"/>
          <line num="7" count="1" type="stmt"/>
          <line num="8" count="1" type="stmt"/>
        </file>
      </package>
      <package name="test">
        <metrics statements="1" coveredstatements="1" conditionals="0" coveredconditionals="0" methods="0" coveredmethods="0"/>
        <file name="data.js" path="/Users/hepiskafranatagola/hacktiv8/fase3/week2/react-native-challenge/myreactnative/src/test/data.js">
          <metrics statements="1" coveredstatements="1" conditionals="0" coveredconditionals="0" methods="0" coveredmethods="0"/>
          <line num="1" count="2" type="stmt"/>
        </file>
      </package>
    </metrics>
  </project>
</coverage>
