{"/Users/hepiskafranatagola/hacktiv8/fase3/week2/react-native-challenge/myreactnative/src/actions/constans.js": {"path":"/Users/hepiskafranatagola/hacktiv8/fase3/week2/react-native-challenge/myreactnative/src/actions/constans.js","statementMap":{"0":{"start":{"line":1,"column":29},"end":{"line":1,"column":44}},"1":{"start":{"line":2,"column":27},"end":{"line":2,"column":40}},"2":{"start":{"line":3,"column":30},"end":{"line":3,"column":46}},"3":{"start":{"line":4,"column":27},"end":{"line":4,"column":40}},"4":{"start":{"line":5,"column":28},"end":{"line":5,"column":42}}},"fnMap":{},"branchMap":{},"s":{"0":4,"1":4,"2":4,"3":4,"4":4},"f":{},"b":{},"_coverageSchema":"332fd63041d2c1bcb487cc26dd0d5f7d97098a6c","hash":"f5bd30cd9c4c9c4f2aee9c233eb57525246b43c0"}
,"/Users/hepiskafranatagola/hacktiv8/fase3/week2/react-native-challenge/myreactnative/src/actions/index.js": {"path":"/Users/hepiskafranatagola/hacktiv8/fase3/week2/react-native-challenge/myreactnative/src/actions/index.js","statementMap":{},"fnMap":{},"branchMap":{},"s":{},"f":{},"b":{},"_coverageSchema":"332fd63041d2c1bcb487cc26dd0d5f7d97098a6c","hash":"ca0b4437bc4a16eecf1c79871e4c2304e327a4e8"}
,"/Users/hepiskafranatagola/hacktiv8/fase3/week2/react-native-challenge/myreactnative/src/actions/weatherAction.js": {"path":"/Users/hepiskafranatagola/hacktiv8/fase3/week2/react-native-challenge/myreactnative/src/actions/weatherAction.js","statementMap":{"0":{"start":{"line":4,"column":32},"end":{"line":4,"column":88}},"1":{"start":{"line":4,"column":45},"end":{"line":4,"column":87}},"2":{"start":{"line":6,"column":28},"end":{"line":9,"column":1}},"3":{"start":{"line":6,"column":36},"end":{"line":9,"column":1}},"4":{"start":{"line":6,"column":49},"end":{"line":8,"column":31}},"5":{"start":{"line":7,"column":19},"end":{"line":7,"column":60}},"6":{"start":{"line":8,"column":14},"end":{"line":8,"column":30}}},"fnMap":{"0":{"name":"(anonymous_0)","decl":{"start":{"line":4,"column":32},"end":{"line":4,"column":33}},"loc":{"start":{"line":4,"column":45},"end":{"line":4,"column":87}},"line":4},"1":{"name":"(anonymous_1)","decl":{"start":{"line":6,"column":28},"end":{"line":6,"column":29}},"loc":{"start":{"line":6,"column":36},"end":{"line":9,"column":1}},"line":6},"2":{"name":"(anonymous_2)","decl":{"start":{"line":6,"column":36},"end":{"line":6,"column":37}},"loc":{"start":{"line":6,"column":49},"end":{"line":8,"column":31}},"line":6},"3":{"name":"(anonymous_3)","decl":{"start":{"line":7,"column":6},"end":{"line":7,"column":7}},"loc":{"start":{"line":7,"column":19},"end":{"line":7,"column":60}},"line":7},"4":{"name":"(anonymous_4)","decl":{"start":{"line":8,"column":7},"end":{"line":8,"column":8}},"loc":{"start":{"line":8,"column":14},"end":{"line":8,"column":30}},"line":8}},"branchMap":{},"s":{"0":4,"1":2,"2":4,"3":0,"4":0,"5":0,"6":0},"f":{"0":2,"1":0,"2":0,"3":0,"4":0},"b":{},"_coverageSchema":"332fd63041d2c1bcb487cc26dd0d5f7d97098a6c","hash":"5dd9b33571603501a75d2672c0018fd62a3e1147"}
,"/Users/hepiskafranatagola/hacktiv8/fase3/week2/react-native-challenge/myreactnative/src/components/home.js": {"path":"/Users/hepiskafranatagola/hacktiv8/fase3/week2/react-native-challenge/myreactnative/src/components/home.js","statementMap":{"0":{"start":{"line":16,"column":4},"end":{"line":16,"column":40}},"1":{"start":{"line":19,"column":25},"end":{"line":19,"column":46}},"2":{"start":{"line":20,"column":4},"end":{"line":33,"column":6}},"3":{"start":{"line":29,"column":24},"end":{"line":29,"column":43}},"4":{"start":{"line":37,"column":24},"end":{"line":37,"column":62}},"5":{"start":{"line":37,"column":34},"end":{"line":37,"column":61}},"6":{"start":{"line":38,"column":27},"end":{"line":38,"column":98}},"7":{"start":{"line":38,"column":40},"end":{"line":38,"column":97}},"8":{"start":{"line":38,"column":67},"end":{"line":38,"column":95}}},"fnMap":{"0":{"name":"(anonymous_0)","decl":{"start":{"line":15,"column":2},"end":{"line":15,"column":3}},"loc":{"start":{"line":15,"column":22},"end":{"line":17,"column":3}},"line":15},"1":{"name":"(anonymous_1)","decl":{"start":{"line":18,"column":2},"end":{"line":18,"column":3}},"loc":{"start":{"line":18,"column":11},"end":{"line":34,"column":3}},"line":18},"2":{"name":"(anonymous_2)","decl":{"start":{"line":29,"column":18},"end":{"line":29,"column":19}},"loc":{"start":{"line":29,"column":24},"end":{"line":29,"column":43}},"line":29},"3":{"name":"(anonymous_3)","decl":{"start":{"line":37,"column":24},"end":{"line":37,"column":25}},"loc":{"start":{"line":37,"column":34},"end":{"line":37,"column":61}},"line":37},"4":{"name":"(anonymous_4)","decl":{"start":{"line":38,"column":27},"end":{"line":38,"column":28}},"loc":{"start":{"line":38,"column":40},"end":{"line":38,"column":97}},"line":38},"5":{"name":"(anonymous_5)","decl":{"start":{"line":38,"column":57},"end":{"line":38,"column":58}},"loc":{"start":{"line":38,"column":67},"end":{"line":38,"column":95}},"line":38}},"branchMap":{},"s":{"0":0,"1":1,"2":1,"3":1,"4":1,"5":0,"6":1,"7":0,"8":0},"f":{"0":0,"1":1,"2":1,"3":0,"4":0,"5":0},"b":{},"_coverageSchema":"332fd63041d2c1bcb487cc26dd0d5f7d97098a6c","hash":"1fb4b7be112fcb90e2cab6818f30992b46486fcd"}
,"/Users/hepiskafranatagola/hacktiv8/fase3/week2/react-native-challenge/myreactnative/src/components/homeComponent/homeInfo.js": {"path":"/Users/hepiskafranatagola/hacktiv8/fase3/week2/react-native-challenge/myreactnative/src/components/homeComponent/homeInfo.js","statementMap":{"0":{"start":{"line":10,"column":15},"end":{"line":26,"column":1}},"1":{"start":{"line":28,"column":24},"end":{"line":56,"column":1}},"2":{"start":{"line":29,"column":32},"end":{"line":29,"column":46}},"3":{"start":{"line":30,"column":2},"end":{"line":32,"column":3}},"4":{"start":{"line":31,"column":3},"end":{"line":31,"column":38}},"5":{"start":{"line":33,"column":2},"end":{"line":55,"column":2}},"6":{"start":{"line":57,"column":24},"end":{"line":57,"column":63}},"7":{"start":{"line":57,"column":34},"end":{"line":57,"column":62}}},"fnMap":{"0":{"name":"(anonymous_0)","decl":{"start":{"line":28,"column":24},"end":{"line":28,"column":25}},"loc":{"start":{"line":28,"column":33},"end":{"line":56,"column":1}},"line":28},"1":{"name":"(anonymous_1)","decl":{"start":{"line":57,"column":24},"end":{"line":57,"column":25}},"loc":{"start":{"line":57,"column":34},"end":{"line":57,"column":62}},"line":57}},"branchMap":{"0":{"loc":{"start":{"line":30,"column":2},"end":{"line":32,"column":3}},"type":"if","locations":[{"start":{"line":30,"column":2},"end":{"line":32,"column":3}},{"start":{"line":30,"column":2},"end":{"line":32,"column":3}}],"line":30}},"s":{"0":2,"1":2,"2":2,"3":2,"4":1,"5":1,"6":2,"7":0},"f":{"0":2,"1":0},"b":{"0":[1,1]},"_coverageSchema":"332fd63041d2c1bcb487cc26dd0d5f7d97098a6c","hash":"98f94328dfb007e276607446e1df018bba5aa049"}
,"/Users/hepiskafranatagola/hacktiv8/fase3/week2/react-native-challenge/myreactnative/src/components/homeComponent/index.js": {"path":"/Users/hepiskafranatagola/hacktiv8/fase3/week2/react-native-challenge/myreactnative/src/components/homeComponent/index.js","statementMap":{},"fnMap":{},"branchMap":{},"s":{},"f":{},"b":{},"_coverageSchema":"332fd63041d2c1bcb487cc26dd0d5f7d97098a6c","hash":"494595a77c241eaa1c031b56f1d9444712b26ebe"}
,"/Users/hepiskafranatagola/hacktiv8/fase3/week2/react-native-challenge/myreactnative/src/components/homeComponent/searchBox.js": {"path":"/Users/hepiskafranatagola/hacktiv8/fase3/week2/react-native-challenge/myreactnative/src/components/homeComponent/searchBox.js","statementMap":{"0":{"start":{"line":9,"column":15},"end":{"line":14,"column":1}},"1":{"start":{"line":18,"column":4},"end":{"line":18,"column":17}},"2":{"start":{"line":19,"column":4},"end":{"line":19,"column":30}},"3":{"start":{"line":22,"column":4},"end":{"line":22,"column":35}},"4":{"start":{"line":23,"column":4},"end":{"line":23,"column":32}},"5":{"start":{"line":26,"column":4},"end":{"line":43,"column":6}},"6":{"start":{"line":32,"column":32},"end":{"line":32,"column":55}},"7":{"start":{"line":41,"column":25},"end":{"line":41,"column":53}},"8":{"start":{"line":46,"column":27},"end":{"line":48,"column":2}},"9":{"start":{"line":46,"column":40},"end":{"line":48,"column":1}},"10":{"start":{"line":47,"column":25},"end":{"line":47,"column":53}}},"fnMap":{"0":{"name":"(anonymous_0)","decl":{"start":{"line":17,"column":2},"end":{"line":17,"column":3}},"loc":{"start":{"line":17,"column":21},"end":{"line":20,"column":3}},"line":17},"1":{"name":"(anonymous_1)","decl":{"start":{"line":21,"column":2},"end":{"line":21,"column":3}},"loc":{"start":{"line":21,"column":15},"end":{"line":24,"column":3}},"line":21},"2":{"name":"(anonymous_2)","decl":{"start":{"line":25,"column":2},"end":{"line":25,"column":3}},"loc":{"start":{"line":25,"column":11},"end":{"line":44,"column":3}},"line":25},"3":{"name":"(anonymous_3)","decl":{"start":{"line":32,"column":24},"end":{"line":32,"column":25}},"loc":{"start":{"line":32,"column":32},"end":{"line":32,"column":55}},"line":32},"4":{"name":"(anonymous_4)","decl":{"start":{"line":41,"column":19},"end":{"line":41,"column":20}},"loc":{"start":{"line":41,"column":25},"end":{"line":41,"column":53}},"line":41},"5":{"name":"(anonymous_5)","decl":{"start":{"line":46,"column":27},"end":{"line":46,"column":28}},"loc":{"start":{"line":46,"column":40},"end":{"line":48,"column":1}},"line":46},"6":{"name":"(anonymous_6)","decl":{"start":{"line":47,"column":17},"end":{"line":47,"column":18}},"loc":{"start":{"line":47,"column":25},"end":{"line":47,"column":53}},"line":47}},"branchMap":{},"s":{"0":2,"1":1,"2":1,"3":0,"4":0,"5":2,"6":1,"7":0,"8":2,"9":0,"10":0},"f":{"0":1,"1":0,"2":2,"3":1,"4":0,"5":0,"6":0},"b":{},"_coverageSchema":"332fd63041d2c1bcb487cc26dd0d5f7d97098a6c","hash":"165a5b97f34b8272a21e3a2158067568e1aea7f6"}
,"/Users/hepiskafranatagola/hacktiv8/fase3/week2/react-native-challenge/myreactnative/src/reducers/index.js": {"path":"/Users/hepiskafranatagola/hacktiv8/fase3/week2/react-native-challenge/myreactnative/src/reducers/index.js","statementMap":{"0":{"start":{"line":5,"column":20},"end":{"line":7,"column":2}}},"fnMap":{},"branchMap":{},"s":{"0":1},"f":{},"b":{},"_coverageSchema":"332fd63041d2c1bcb487cc26dd0d5f7d97098a6c","hash":"20053ca2a7ff45ff29a215d9d448c9ddf6cd34cd"}
,"/Users/hepiskafranatagola/hacktiv8/fase3/week2/react-native-challenge/myreactnative/src/reducers/weatherReducer.js": {"path":"/Users/hepiskafranatagola/hacktiv8/fase3/week2/react-native-challenge/myreactnative/src/reducers/weatherReducer.js","statementMap":{"0":{"start":{"line":3,"column":21},"end":{"line":3,"column":23}},"1":{"start":{"line":5,"column":23},"end":{"line":14,"column":1}},"2":{"start":{"line":6,"column":2},"end":{"line":13,"column":3}},"3":{"start":{"line":8,"column":23},"end":{"line":8,"column":37}},"4":{"start":{"line":9,"column":6},"end":{"line":9,"column":28}},"5":{"start":{"line":10,"column":6},"end":{"line":10,"column":22}},"6":{"start":{"line":12,"column":12},"end":{"line":12,"column":25}}},"fnMap":{"0":{"name":"(anonymous_0)","decl":{"start":{"line":5,"column":23},"end":{"line":5,"column":24}},"loc":{"start":{"line":5,"column":57},"end":{"line":14,"column":1}},"line":5}},"branchMap":{"0":{"loc":{"start":{"line":5,"column":24},"end":{"line":5,"column":44}},"type":"default-arg","locations":[{"start":{"line":5,"column":32},"end":{"line":5,"column":44}}],"line":5},"1":{"loc":{"start":{"line":6,"column":2},"end":{"line":13,"column":3}},"type":"switch","locations":[{"start":{"line":7,"column":4},"end":{"line":11,"column":5}},{"start":{"line":12,"column":4},"end":{"line":12,"column":25}}],"line":6}},"s":{"0":2,"1":2,"2":4,"3":1,"4":1,"5":1,"6":3},"f":{"0":4},"b":{"0":[3],"1":[1,3]},"_coverageSchema":"332fd63041d2c1bcb487cc26dd0d5f7d97098a6c","hash":"916105336e301def5a04b895fd16e32a10090e18"}
,"/Users/hepiskafranatagola/hacktiv8/fase3/week2/react-native-challenge/myreactnative/src/store/index.js": {"path":"/Users/hepiskafranatagola/hacktiv8/fase3/week2/react-native-challenge/myreactnative/src/store/index.js","statementMap":{"0":{"start":{"line":7,"column":20},"end":{"line":7,"column":50}},"1":{"start":{"line":8,"column":14},"end":{"line":8,"column":51}}},"fnMap":{},"branchMap":{},"s":{"0":1,"1":1},"f":{},"b":{},"_coverageSchema":"332fd63041d2c1bcb487cc26dd0d5f7d97098a6c","hash":"0665662b0ffa48b5ab08aecb904f0d4a42f3131b"}
,"/Users/hepiskafranatagola/hacktiv8/fase3/week2/react-native-challenge/myreactnative/src/test/data.js": {"path":"/Users/hepiskafranatagola/hacktiv8/fase3/week2/react-native-challenge/myreactnative/src/test/data.js","statementMap":{"0":{"start":{"line":1,"column":16},"end":{"line":1738,"column":1}}},"fnMap":{},"branchMap":{},"s":{"0":2},"f":{},"b":{},"_coverageSchema":"332fd63041d2c1bcb487cc26dd0d5f7d97098a6c","hash":"eb185cfb7a70ae365183059acd66c065c0ccfefb"}
}
