TN:
SF:/Users/hepiskafranatagola/hacktiv8/fase3/week2/react-native-challenge/myreactnative/src/actions/constans.js
FNF:0
FNH:0
DA:1,4
DA:2,4
DA:3,4
DA:4,4
DA:5,4
LF:5
LH:5
BRF:0
BRH:0
end_of_record
TN:
SF:/Users/hepiskafranatagola/hacktiv8/fase3/week2/react-native-challenge/myreactnative/src/actions/index.js
FNF:0
FNH:0
LF:0
LH:0
BRF:0
BRH:0
end_of_record
TN:
SF:/Users/hepiskafranatagola/hacktiv8/fase3/week2/react-native-challenge/myreactnative/src/actions/weatherAction.js
FN:4,(anonymous_0)
FN:6,(anonymous_1)
FN:6,(anonymous_2)
FN:7,(anonymous_3)
FN:8,(anonymous_4)
FNF:5
FNH:1
FNDA:2,(anonymous_0)
FNDA:0,(anonymous_1)
FNDA:0,(anonymous_2)
FNDA:0,(anonymous_3)
FNDA:0,(anonymous_4)
DA:4,4
DA:6,4
DA:7,0
DA:8,0
LF:4
LH:2
BRF:0
BRH:0
end_of_record
TN:
SF:/Users/hepiskafranatagola/hacktiv8/fase3/week2/react-native-challenge/myreactnative/src/components/home.js
FN:15,(anonymous_0)
FN:18,(anonymous_1)
FN:29,(anonymous_2)
FN:37,(anonymous_3)
FN:38,(anonymous_4)
FN:38,(anonymous_5)
FNF:6
FNH:2
FNDA:0,(anonymous_0)
FNDA:1,(anonymous_1)
FNDA:1,(anonymous_2)
FNDA:0,(anonymous_3)
FNDA:0,(anonymous_4)
FNDA:0,(anonymous_5)
DA:16,0
DA:19,1
DA:20,1
DA:29,1
DA:37,1
DA:38,1
LF:6
LH:5
BRF:0
BRH:0
end_of_record
TN:
SF:/Users/hepiskafranatagola/hacktiv8/fase3/week2/react-native-challenge/myreactnative/src/components/homeComponent/homeInfo.js
FN:28,(anonymous_0)
FN:57,(anonymous_1)
FNF:2
FNH:1
FNDA:2,(anonymous_0)
FNDA:0,(anonymous_1)
DA:10,2
DA:28,2
DA:29,2
DA:30,2
DA:31,1
DA:33,1
DA:57,2
LF:7
LH:7
BRDA:30,0,0,1
BRDA:30,0,1,1
BRF:2
BRH:2
end_of_record
TN:
SF:/Users/hepiskafranatagola/hacktiv8/fase3/week2/react-native-challenge/myreactnative/src/components/homeComponent/index.js
FNF:0
FNH:0
LF:0
LH:0
BRF:0
BRH:0
end_of_record
TN:
SF:/Users/hepiskafranatagola/hacktiv8/fase3/week2/react-native-challenge/myreactnative/src/components/homeComponent/searchBox.js
FN:17,(anonymous_0)
FN:21,(anonymous_1)
FN:25,(anonymous_2)
FN:32,(anonymous_3)
FN:41,(anonymous_4)
FN:46,(anonymous_5)
FN:47,(anonymous_6)
FNF:7
FNH:3
FNDA:1,(anonymous_0)
FNDA:0,(anonymous_1)
FNDA:2,(anonymous_2)
FNDA:1,(anonymous_3)
FNDA:0,(anonymous_4)
FNDA:0,(anonymous_5)
FNDA:0,(anonymous_6)
DA:9,2
DA:18,1
DA:19,1
DA:22,0
DA:23,0
DA:26,2
DA:32,1
DA:41,0
DA:46,2
DA:47,0
LF:10
LH:6
BRF:0
BRH:0
end_of_record
TN:
SF:/Users/hepiskafranatagola/hacktiv8/fase3/week2/react-native-challenge/myreactnative/src/reducers/index.js
FNF:0
FNH:0
DA:5,1
LF:1
LH:1
BRF:0
BRH:0
end_of_record
TN:
SF:/Users/hepiskafranatagola/hacktiv8/fase3/week2/react-native-challenge/myreactnative/src/reducers/weatherReducer.js
FN:5,(anonymous_0)
FNF:1
FNH:1
FNDA:4,(anonymous_0)
DA:3,2
DA:5,2
DA:6,4
DA:8,1
DA:9,1
DA:10,1
DA:12,3
LF:7
LH:7
BRDA:5,0,0,3
BRDA:6,1,0,1
BRDA:6,1,1,3
BRF:3
BRH:3
end_of_record
TN:
SF:/Users/hepiskafranatagola/hacktiv8/fase3/week2/react-native-challenge/myreactnative/src/store/index.js
FNF:0
FNH:0
DA:7,1
DA:8,1
LF:2
LH:2
BRF:0
BRH:0
end_of_record
TN:
SF:/Users/hepiskafranatagola/hacktiv8/fase3/week2/react-native-challenge/myreactnative/src/test/data.js
FNF:0
FNH:0
DA:1,2
LF:1
LH:1
BRF:0
BRH:0
end_of_record
